time; movement_id; state
0.0; intersection/0002/tls; rrrrrrrrrrGGrrrrrrrrrrGG
17.0; intersection/0002/tls; rrrrrrrrrryyrrrrrrrrrryy
20.0; intersection/0002/tls; rrrrrrrrrrrrrrrrrrrrrrrr
22.0; intersection/0002/tls; rrrrrrGGGGrrrrrrrrGGGGrr
39.0; intersection/0002/tls; rrrrrryyyyrrrrrrrryyyyrr
42.0; intersection/0002/tls; rrrrrrrrrrrrrrrrrrrrrrrr
44.0; intersection/0002/tls; rrrrGGrrrrrrrrrrGGrrrrrr
61.0; intersection/0002/tls; rrrryyrrrrrrrrrryyrrrrrr
64.0; intersection/0002/tls; rrrrrrrrrrrrrrrrrrrrrrrr
66.0; intersection/0002/tls; GGGGrrrrrrrrGGGGrrrrrrrr
83.0; intersection/0002/tls; yyyyrrrrrrrryyyyrrrrrrrr
86.0; intersection/0002/tls; rrrrrrrrrrrrrrrrrrrrrrrr
88.0; intersection/0002/tls; rrrrrrrrrrGGrrrrrrrrrrGG
102.0; intersection/0002/tls; rrrrrrrrrryyrrrrrrrrrryy
105.0; intersection/0002/tls; rrrrrrrrrrrrrrrrrrrrrrrr
107.0; intersection/0002/tls; rrrrrrGGGGrrrrrrrrGGGGrr
123.0; intersection/0002/tls; rrrrrryyyyrrrrrrrryyyyrr
126.0; intersection/0002/tls; rrrrrrrrrrrrrrrrrrrrrrrr
128.0; intersection/0002/tls; rrrrGGrrrrrrrrrrGGrrrrrr
142.0; intersection/0002/tls; rrrryyrrrrrrrrrryyrrrrrr
145.0; intersection/0002/tls; rrrrrrrrrrrrrrrrrrrrrrrr
147.0; intersection/0002/tls; GGGGrrrrrrrrGGGGrrrrrrrr
164.0; intersection/0002/tls; yyyyrrrrrrrryyyyrrrrrrrr
167.0; intersection/0002/tls; rrrrrrrrrrrrrrrrrrrrrrrr
169.0; intersection/0002/tls; rrrrrrrrrrGGrrrrrrrrrrGG
182.0; intersection/0002/tls; rrrrrrrrrryyrrrrrrrrrryy
185.0; intersection/0002/tls; rrrrrrrrrrrrrrrrrrrrrrrr
187.0; intersection/0002/tls; rrrrrrGGGGrrrrrrrrGGGGrr
203.0; intersection/0002/tls; rrrrrryyyyrrrrrrrryyyyrr
206.0; intersection/0002/tls; rrrrrrrrrrrrrrrrrrrrrrrr
208.0; intersection/0002/tls; rrrrGGrrrrrrrrrrGGrrrrrr
221.0; intersection/0002/tls; rrrryyrrrrrrrrrryyrrrrrr
224.0; intersection/0002/tls; rrrrrrrrrrrrrrrrrrrrrrrr
226.0; intersection/0002/tls; GGGGrrrrrrrrGGGGrrrrrrrr
243.0; intersection/0002/tls; yyyyrrrrrrrryyyyrrrrrrrr
246.0; intersection/0002/tls; rrrrrrrrrrrrrrrrrrrrrrrr
248.0; intersection/0002/tls; rrrrrrrrrrGGrrrrrrrrrrGG
260.0; intersection/0002/tls; rrrrrrrrrryyrrrrrrrrrryy
263.0; intersection/0002/tls; rrrrrrrrrrrrrrrrrrrrrrrr
265.0; intersection/0002/tls; rrrrrrGGGGrrrrrrrrGGGGrr
281.0; intersection/0002/tls; rrrrrryyyyrrrrrrrryyyyrr
284.0; intersection/0002/tls; rrrrrrrrrrrrrrrrrrrrrrrr
286.0; intersection/0002/tls; rrrrGGrrrrrrrrrrGGrrrrrr
296.0; intersection/0002/tls; rrrryyrrrrrrrrrryyrrrrrr
299.0; intersection/0002/tls; rrrrrrrrrrrrrrrrrrrrrrrr
301.0; intersection/0002/tls; GGGGrrrrrrrrGGGGrrrrrrrr
318.0; intersection/0002/tls; yyyyrrrrrrrryyyyrrrrrrrr
321.0; intersection/0002/tls; rrrrrrrrrrrrrrrrrrrrrrrr
323.0; intersection/0002/tls; rrrrrrrrrrGGrrrrrrrrrrGG
335.0; intersection/0002/tls; rrrrrrrrrryyrrrrrrrrrryy
338.0; intersection/0002/tls; rrrrrrrrrrrrrrrrrrrrrrrr
340.0; intersection/0002/tls; rrrrrrGGGGrrrrrrrrGGGGrr
355.0; intersection/0002/tls; rrrrrryyyyrrrrrrrryyyyrr
358.0; intersection/0002/tls; rrrrrrrrrrrrrrrrrrrrrrrr
360.0; intersection/0002/tls; rrrrGGrrrrrrrrrrGGrrrrrr
370.0; intersection/0002/tls; rrrryyrrrrrrrrrryyrrrrrr
373.0; intersection/0002/tls; rrrrrrrrrrrrrrrrrrrrrrrr
375.0; intersection/0002/tls; GGGGrrrrrrrrGGGGrrrrrrrr
391.0; intersection/0002/tls; yyyyrrrrrrrryyyyrrrrrrrr
394.0; intersection/0002/tls; rrrrrrrrrrrrrrrrrrrrrrrr
396.0; intersection/0002/tls; rrrrrrrrrrGGrrrrrrrrrrGG
408.0; intersection/0002/tls; rrrrrrrrrryyrrrrrrrrrryy
411.0; intersection/0002/tls; rrrrrrrrrrrrrrrrrrrrrrrr
413.0; intersection/0002/tls; rrrrrrGGGGrrrrrrrrGGGGrr
427.0; intersection/0002/tls; rrrrrryyyyrrrrrrrryyyyrr
430.0; intersection/0002/tls; rrrrrrrrrrrrrrrrrrrrrrrr
432.0; intersection/0002/tls; rrrrGGrrrrrrrrrrGGrrrrrr
441.0; intersection/0002/tls; rrrryyrrrrrrrrrryyrrrrrr
444.0; intersection/0002/tls; rrrrrrrrrrrrrrrrrrrrrrrr
446.0; intersection/0002/tls; GGGGrrrrrrrrGGGGrrrrrrrr
461.0; intersection/0002/tls; yyyyrrrrrrrryyyyrrrrrrrr
464.0; intersection/0002/tls; rrrrrrrrrrrrrrrrrrrrrrrr
466.0; intersection/0002/tls; rrrrrrrrrrGGrrrrrrrrrrGG
475.0; intersection/0002/tls; rrrrrrrrrryyrrrrrrrrrryy
478.0; intersection/0002/tls; rrrrrrrrrrrrrrrrrrrrrrrr
480.0; intersection/0002/tls; rrrrrrGGGGrrrrrrrrGGGGrr
494.0; intersection/0002/tls; rrrrrryyyyrrrrrrrryyyyrr
497.0; intersection/0002/tls; rrrrrrrrrrrrrrrrrrrrrrrr
499.0; intersection/0002/tls; rrrrGGrrrrrrrrrrGGrrrrrr
505.0; intersection/0002/tls; rrrryyrrrrrrrrrryyrrrrrr
508.0; intersection/0002/tls; rrrrrrrrrrrrrrrrrrrrrrrr
510.0; intersection/0002/tls; GGGGrrrrrrrrGGGGrrrrrrrr
524.0; intersection/0002/tls; yyyyrrrrrrrryyyyrrrrrrrr
527.0; intersection/0002/tls; rrrrrrrrrrrrrrrrrrrrrrrr
529.0; intersection/0002/tls; rrrrrrrrrrGGrrrrrrrrrrGG
535.0; intersection/0002/tls; rrrrrrrrrryyrrrrrrrrrryy
538.0; intersection/0002/tls; rrrrrrrrrrrrrrrrrrrrrrrr
540.0; intersection/0002/tls; rrrrrrGGGGrrrrrrrrGGGGrr
553.0; intersection/0002/tls; rrrrrryyyyrrrrrrrryyyyrr
556.0; intersection/0002/tls; rrrrrrrrrrrrrrrrrrrrrrrr
558.0; intersection/0002/tls; rrrrGGrrrrrrrrrrGGrrrrrr
562.0; intersection/0002/tls; rrrryyrrrrrrrrrryyrrrrrr
565.0; intersection/0002/tls; rrrrrrrrrrrrrrrrrrrrrrrr
567.0; intersection/0002/tls; GGGGrrrrrrrrGGGGrrrrrrrr
578.0; intersection/0002/tls; yyyyrrrrrrrryyyyrrrrrrrr
581.0; intersection/0002/tls; rrrrrrrrrrrrrrrrrrrrrrrr
583.0; intersection/0002/tls; rrrrrrrrrrGGrrrrrrrrrrGG
588.0; intersection/0002/tls; rrrrrrrrrryyrrrrrrrrrryy
591.0; intersection/0002/tls; rrrrrrrrrrrrrrrrrrrrrrrr
593.0; intersection/0002/tls; rrrrrrGGGGrrrrrrrrGGGGrr
605.0; intersection/0002/tls; rrrrrryyyyrrrrrrrryyyyrr
608.0; intersection/0002/tls; rrrrrrrrrrrrrrrrrrrrrrrr
610.0; intersection/0002/tls; rrrrGGrrrrrrrrrrGGrrrrrr
614.0; intersection/0002/tls; rrrryyrrrrrrrrrryyrrrrrr
617.0; intersection/0002/tls; rrrrrrrrrrrrrrrrrrrrrrrr
619.0; intersection/0002/tls; GGGGrrrrrrrrGGGGrrrrrrrr
630.0; intersection/0002/tls; yyyyrrrrrrrryyyyrrrrrrrr
633.0; intersection/0002/tls; rrrrrrrrrrrrrrrrrrrrrrrr
635.0; intersection/0002/tls; rrrrrrrrrrGGrrrrrrrrrrGG
640.0; intersection/0002/tls; rrrrrrrrrryyrrrrrrrrrryy
643.0; intersection/0002/tls; rrrrrrrrrrrrrrrrrrrrrrrr
645.0; intersection/0002/tls; rrrrrrGGGGrrrrrrrrGGGGrr
654.0; intersection/0002/tls; rrrrrryyyyrrrrrrrryyyyrr
657.0; intersection/0002/tls; rrrrrrrrrrrrrrrrrrrrrrrr
659.0; intersection/0002/tls; rrrrGGrrrrrrrrrrGGrrrrrr
663.0; intersection/0002/tls; rrrryyrrrrrrrrrryyrrrrrr
666.0; intersection/0002/tls; rrrrrrrrrrrrrrrrrrrrrrrr
668.0; intersection/0002/tls; GGGGrrrrrrrrGGGGrrrrrrrr
678.0; intersection/0002/tls; yyyyrrrrrrrryyyyrrrrrrrr
681.0; intersection/0002/tls; rrrrrrrrrrrrrrrrrrrrrrrr
683.0; intersection/0002/tls; rrrrrrrrrrGGrrrrrrrrrrGG
688.0; intersection/0002/tls; rrrrrrrrrryyrrrrrrrrrryy
691.0; intersection/0002/tls; rrrrrrrrrrrrrrrrrrrrrrrr
693.0; intersection/0002/tls; rrrrrrGGGGrrrrrrrrGGGGrr
701.0; intersection/0002/tls; rrrrrryyyyrrrrrrrryyyyrr
704.0; intersection/0002/tls; rrrrrrrrrrrrrrrrrrrrrrrr
706.0; intersection/0002/tls; rrrrGGrrrrrrrrrrGGrrrrrr
710.0; intersection/0002/tls; rrrryyrrrrrrrrrryyrrrrrr
713.0; intersection/0002/tls; rrrrrrrrrrrrrrrrrrrrrrrr
715.0; intersection/0002/tls; GGGGrrrrrrrrGGGGrrrrrrrr
725.0; intersection/0002/tls; yyyyrrrrrrrryyyyrrrrrrrr
728.0; intersection/0002/tls; rrrrrrrrrrrrrrrrrrrrrrrr
730.0; intersection/0002/tls; rrrrrrrrrrGGrrrrrrrrrrGG
736.0; intersection/0002/tls; rrrrrrrrrryyrrrrrrrrrryy
739.0; intersection/0002/tls; rrrrrrrrrrrrrrrrrrrrrrrr
741.0; intersection/0002/tls; rrrrrrGGGGrrrrrrrrGGGGrr
748.0; intersection/0002/tls; rrrrrryyyyrrrrrrrryyyyrr
751.0; intersection/0002/tls; rrrrrrrrrrrrrrrrrrrrrrrr
753.0; intersection/0002/tls; rrrrGGrrrrrrrrrrGGrrrrrr
757.0; intersection/0002/tls; rrrryyrrrrrrrrrryyrrrrrr
760.0; intersection/0002/tls; rrrrrrrrrrrrrrrrrrrrrrrr
762.0; intersection/0002/tls; GGGGrrrrrrrrGGGGrrrrrrrr
769.0; intersection/0002/tls; yyyyrrrrrrrryyyyrrrrrrrr
772.0; intersection/0002/tls; rrrrrrrrrrrrrrrrrrrrrrrr
774.0; intersection/0002/tls; rrrrrrrrrrGGrrrrrrrrrrGG
781.0; intersection/0002/tls; rrrrrrrrrryyrrrrrrrrrryy
784.0; intersection/0002/tls; rrrrrrrrrrrrrrrrrrrrrrrr
786.0; intersection/0002/tls; rrrrrrGGGGrrrrrrrrGGGGrr
792.0; intersection/0002/tls; rrrrrryyyyrrrrrrrryyyyrr
795.0; intersection/0002/tls; rrrrrrrrrrrrrrrrrrrrrrrr
797.0; intersection/0002/tls; rrrrGGrrrrrrrrrrGGrrrrrr
801.0; intersection/0002/tls; rrrryyrrrrrrrrrryyrrrrrr
804.0; intersection/0002/tls; rrrrrrrrrrrrrrrrrrrrrrrr
806.0; intersection/0002/tls; GGGGrrrrrrrrGGGGrrrrrrrr
812.0; intersection/0002/tls; yyyyrrrrrrrryyyyrrrrrrrr
815.0; intersection/0002/tls; rrrrrrrrrrrrrrrrrrrrrrrr
817.0; intersection/0002/tls; rrrrrrrrrrGGrrrrrrrrrrGG
824.0; intersection/0002/tls; rrrrrrrrrryyrrrrrrrrrryy
827.0; intersection/0002/tls; rrrrrrrrrrrrrrrrrrrrrrrr
829.0; intersection/0002/tls; rrrrrrGGGGrrrrrrrrGGGGrr
834.0; intersection/0002/tls; rrrrrryyyyrrrrrrrryyyyrr
837.0; intersection/0002/tls; rrrrrrrrrrrrrrrrrrrrrrrr
839.0; intersection/0002/tls; rrrrGGrrrrrrrrrrGGrrrrrr
843.0; intersection/0002/tls; rrrryyrrrrrrrrrryyrrrrrr
846.0; intersection/0002/tls; rrrrrrrrrrrrrrrrrrrrrrrr
848.0; intersection/0002/tls; GGGGrrrrrrrrGGGGrrrrrrrr
855.0; intersection/0002/tls; yyyyrrrrrrrryyyyrrrrrrrr
858.0; intersection/0002/tls; rrrrrrrrrrrrrrrrrrrrrrrr
860.0; intersection/0002/tls; rrrrrrrrrrGGrrrrrrrrrrGG
867.0; intersection/0002/tls; rrrrrrrrrryyrrrrrrrrrryy
870.0; intersection/0002/tls; rrrrrrrrrrrrrrrrrrrrrrrr
872.0; intersection/0002/tls; rrrrrrGGGGrrrrrrrrGGGGrr
876.0; intersection/0002/tls; rrrrrryyyyrrrrrrrryyyyrr
879.0; intersection/0002/tls; rrrrrrrrrrrrrrrrrrrrrrrr
881.0; intersection/0002/tls; rrrrGGrrrrrrrrrrGGrrrrrr
885.0; intersection/0002/tls; rrrryyrrrrrrrrrryyrrrrrr
888.0; intersection/0002/tls; rrrrrrrrrrrrrrrrrrrrrrrr
890.0; intersection/0002/tls; GGGGrrrrrrrrGGGGrrrrrrrr
897.0; intersection/0002/tls; yyyyrrrrrrrryyyyrrrrrrrr
900.0; intersection/0002/tls; rrrrrrrrrrrrrrrrrrrrrrrr
902.0; intersection/0002/tls; rrrrrrrrrrGGrrrrrrrrrrGG
908.0; intersection/0002/tls; rrrrrrrrrryyrrrrrrrrrryy
911.0; intersection/0002/tls; rrrrrrrrrrrrrrrrrrrrrrrr
913.0; intersection/0002/tls; rrrrrrGGGGrrrrrrrrGGGGrr
917.0; intersection/0002/tls; rrrrrryyyyrrrrrrrryyyyrr
920.0; intersection/0002/tls; rrrrrrrrrrrrrrrrrrrrrrrr
922.0; intersection/0002/tls; rrrrGGrrrrrrrrrrGGrrrrrr
926.0; intersection/0002/tls; rrrryyrrrrrrrrrryyrrrrrr
929.0; intersection/0002/tls; rrrrrrrrrrrrrrrrrrrrrrrr
931.0; intersection/0002/tls; GGGGrrrrrrrrGGGGrrrrrrrr
939.0; intersection/0002/tls; yyyyrrrrrrrryyyyrrrrrrrr
942.0; intersection/0002/tls; rrrrrrrrrrrrrrrrrrrrrrrr
944.0; intersection/0002/tls; rrrrrrrrrrGGrrrrrrrrrrGG
948.0; intersection/0002/tls; rrrrrrrrrryyrrrrrrrrrryy
951.0; intersection/0002/tls; rrrrrrrrrrrrrrrrrrrrrrrr
953.0; intersection/0002/tls; rrrrrrGGGGrrrrrrrrGGGGrr
958.0; intersection/0002/tls; rrrrrryyyyrrrrrrrryyyyrr
961.0; intersection/0002/tls; rrrrrrrrrrrrrrrrrrrrrrrr
963.0; intersection/0002/tls; rrrrGGrrrrrrrrrrGGrrrrrr
967.0; intersection/0002/tls; rrrryyrrrrrrrrrryyrrrrrr
970.0; intersection/0002/tls; rrrrrrrrrrrrrrrrrrrrrrrr
972.0; intersection/0002/tls; GGGGrrrrrrrrGGGGrrrrrrrr
981.0; intersection/0002/tls; yyyyrrrrrrrryyyyrrrrrrrr
984.0; intersection/0002/tls; rrrrrrrrrrrrrrrrrrrrrrrr
986.0; intersection/0002/tls; rrrrrrrrrrGGrrrrrrrrrrGG
990.0; intersection/0002/tls; rrrrrrrrrryyrrrrrrrrrryy
993.0; intersection/0002/tls; rrrrrrrrrrrrrrrrrrrrrrrr
995.0; intersection/0002/tls; rrrrrrGGGGrrrrrrrrGGGGrr
1001.0; intersection/0002/tls; rrrrrryyyyrrrrrrrryyyyrr
1004.0; intersection/0002/tls; rrrrrrrrrrrrrrrrrrrrrrrr
1006.0; intersection/0002/tls; rrrrGGrrrrrrrrrrGGrrrrrr
1010.0; intersection/0002/tls; rrrryyrrrrrrrrrryyrrrrrr
1013.0; intersection/0002/tls; rrrrrrrrrrrrrrrrrrrrrrrr
1015.0; intersection/0002/tls; GGGGrrrrrrrrGGGGrrrrrrrr
1025.0; intersection/0002/tls; yyyyrrrrrrrryyyyrrrrrrrr
1028.0; intersection/0002/tls; rrrrrrrrrrrrrrrrrrrrrrrr
1030.0; intersection/0002/tls; rrrrrrrrrrGGrrrrrrrrrrGG
1034.0; intersection/0002/tls; rrrrrrrrrryyrrrrrrrrrryy
1037.0; intersection/0002/tls; rrrrrrrrrrrrrrrrrrrrrrrr
1039.0; intersection/0002/tls; rrrrrrGGGGrrrrrrrrGGGGrr
1045.0; intersection/0002/tls; rrrrrryyyyrrrrrrrryyyyrr
1048.0; intersection/0002/tls; rrrrrrrrrrrrrrrrrrrrrrrr
1050.0; intersection/0002/tls; rrrrGGrrrrrrrrrrGGrrrrrr
1054.0; intersection/0002/tls; rrrryyrrrrrrrrrryyrrrrrr
1057.0; intersection/0002/tls; rrrrrrrrrrrrrrrrrrrrrrrr
1059.0; intersection/0002/tls; GGGGrrrrrrrrGGGGrrrrrrrr
1070.0; intersection/0002/tls; yyyyrrrrrrrryyyyrrrrrrrr
1073.0; intersection/0002/tls; rrrrrrrrrrrrrrrrrrrrrrrr
1075.0; intersection/0002/tls; rrrrrrrrrrGGrrrrrrrrrrGG
1079.0; intersection/0002/tls; rrrrrrrrrryyrrrrrrrrrryy
1082.0; intersection/0002/tls; rrrrrrrrrrrrrrrrrrrrrrrr
1084.0; intersection/0002/tls; rrrrrrGGGGrrrrrrrrGGGGrr
1090.0; intersection/0002/tls; rrrrrryyyyrrrrrrrryyyyrr
1093.0; intersection/0002/tls; rrrrrrrrrrrrrrrrrrrrrrrr
1095.0; intersection/0002/tls; rrrrGGrrrrrrrrrrGGrrrrrr
1099.0; intersection/0002/tls; rrrryyrrrrrrrrrryyrrrrrr
1102.0; intersection/0002/tls; rrrrrrrrrrrrrrrrrrrrrrrr
1104.0; intersection/0002/tls; GGGGrrrrrrrrGGGGrrrrrrrr
1116.0; intersection/0002/tls; yyyyrrrrrrrryyyyrrrrrrrr
1119.0; intersection/0002/tls; rrrrrrrrrrrrrrrrrrrrrrrr
1121.0; intersection/0002/tls; rrrrrrrrrrGGrrrrrrrrrrGG
1125.0; intersection/0002/tls; rrrrrrrrrryyrrrrrrrrrryy
1128.0; intersection/0002/tls; rrrrrrrrrrrrrrrrrrrrrrrr
1130.0; intersection/0002/tls; rrrrrrGGGGrrrrrrrrGGGGrr
1135.0; intersection/0002/tls; rrrrrryyyyrrrrrrrryyyyrr
1138.0; intersection/0002/tls; rrrrrrrrrrrrrrrrrrrrrrrr
1140.0; intersection/0002/tls; rrrrGGrrrrrrrrrrGGrrrrrr
1144.0; intersection/0002/tls; rrrryyrrrrrrrrrryyrrrrrr
1147.0; intersection/0002/tls; rrrrrrrrrrrrrrrrrrrrrrrr
1149.0; intersection/0002/tls; GGGGrrrrrrrrGGGGrrrrrrrr
1162.0; intersection/0002/tls; yyyyrrrrrrrryyyyrrrrrrrr
1165.0; intersection/0002/tls; rrrrrrrrrrrrrrrrrrrrrrrr
1167.0; intersection/0002/tls; rrrrrrrrrrGGrrrrrrrrrrGG
1171.0; intersection/0002/tls; rrrrrrrrrryyrrrrrrrrrryy
1174.0; intersection/0002/tls; rrrrrrrrrrrrrrrrrrrrrrrr
1176.0; intersection/0002/tls; rrrrrrGGGGrrrrrrrrGGGGrr
1181.0; intersection/0002/tls; rrrrrryyyyrrrrrrrryyyyrr
1184.0; intersection/0002/tls; rrrrrrrrrrrrrrrrrrrrrrrr
1186.0; intersection/0002/tls; rrrrGGrrrrrrrrrrGGrrrrrr
1190.0; intersection/0002/tls; rrrryyrrrrrrrrrryyrrrrrr
1193.0; intersection/0002/tls; rrrrrrrrrrrrrrrrrrrrrrrr
1195.0; intersection/0002/tls; GGGGrrrrrrrrGGGGrrrrrrrr
1208.0; intersection/0002/tls; yyyyrrrrrrrryyyyrrrrrrrr
1211.0; intersection/0002/tls; rrrrrrrrrrrrrrrrrrrrrrrr
1213.0; intersection/0002/tls; rrrrrrrrrrGGrrrrrrrrrrGG
1217.0; intersection/0002/tls; rrrrrrrrrryyrrrrrrrrrryy
1220.0; intersection/0002/tls; rrrrrrrrrrrrrrrrrrrrrrrr
1222.0; intersection/0002/tls; rrrrrrGGGGrrrrrrrrGGGGrr
1227.0; intersection/0002/tls; rrrrrryyyyrrrrrrrryyyyrr
1230.0; intersection/0002/tls; rrrrrrrrrrrrrrrrrrrrrrrr
1232.0; intersection/0002/tls; rrrrGGrrrrrrrrrrGGrrrrrr
1236.0; intersection/0002/tls; rrrryyrrrrrrrrrryyrrrrrr
1239.0; intersection/0002/tls; rrrrrrrrrrrrrrrrrrrrrrrr
1241.0; intersection/0002/tls; GGGGrrrrrrrrGGGGrrrrrrrr
1255.0; intersection/0002/tls; yyyyrrrrrrrryyyyrrrrrrrr
1258.0; intersection/0002/tls; rrrrrrrrrrrrrrrrrrrrrrrr
1260.0; intersection/0002/tls; rrrrrrrrrrGGrrrrrrrrrrGG
1264.0; intersection/0002/tls; rrrrrrrrrryyrrrrrrrrrryy
1267.0; intersection/0002/tls; rrrrrrrrrrrrrrrrrrrrrrrr
1269.0; intersection/0002/tls; rrrrrrGGGGrrrrrrrrGGGGrr
1274.0; intersection/0002/tls; rrrrrryyyyrrrrrrrryyyyrr
1277.0; intersection/0002/tls; rrrrrrrrrrrrrrrrrrrrrrrr
1279.0; intersection/0002/tls; rrrrGGrrrrrrrrrrGGrrrrrr
1283.0; intersection/0002/tls; rrrryyrrrrrrrrrryyrrrrrr
1286.0; intersection/0002/tls; rrrrrrrrrrrrrrrrrrrrrrrr
1288.0; intersection/0002/tls; GGGGrrrrrrrrGGGGrrrrrrrr
1303.0; intersection/0002/tls; yyyyrrrrrrrryyyyrrrrrrrr
1306.0; intersection/0002/tls; rrrrrrrrrrrrrrrrrrrrrrrr
1308.0; intersection/0002/tls; rrrrrrrrrrGGrrrrrrrrrrGG
1312.0; intersection/0002/tls; rrrrrrrrrryyrrrrrrrrrryy
1315.0; intersection/0002/tls; rrrrrrrrrrrrrrrrrrrrrrrr
1317.0; intersection/0002/tls; rrrrrrGGGGrrrrrrrrGGGGrr
1322.0; intersection/0002/tls; rrrrrryyyyrrrrrrrryyyyrr
1325.0; intersection/0002/tls; rrrrrrrrrrrrrrrrrrrrrrrr
1327.0; intersection/0002/tls; rrrrGGrrrrrrrrrrGGrrrrrr
1331.0; intersection/0002/tls; rrrryyrrrrrrrrrryyrrrrrr
1334.0; intersection/0002/tls; rrrrrrrrrrrrrrrrrrrrrrrr
1336.0; intersection/0002/tls; GGGGrrrrrrrrGGGGrrrrrrrr
1351.0; intersection/0002/tls; yyyyrrrrrrrryyyyrrrrrrrr
1354.0; intersection/0002/tls; rrrrrrrrrrrrrrrrrrrrrrrr
1356.0; intersection/0002/tls; rrrrrrrrrrGGrrrrrrrrrrGG
1360.0; intersection/0002/tls; rrrrrrrrrryyrrrrrrrrrryy
1363.0; intersection/0002/tls; rrrrrrrrrrrrrrrrrrrrrrrr
1365.0; intersection/0002/tls; rrrrrrGGGGrrrrrrrrGGGGrr
1371.0; intersection/0002/tls; rrrrrryyyyrrrrrrrryyyyrr
1374.0; intersection/0002/tls; rrrrrrrrrrrrrrrrrrrrrrrr
1376.0; intersection/0002/tls; rrrrGGrrrrrrrrrrGGrrrrrr
1380.0; intersection/0002/tls; rrrryyrrrrrrrrrryyrrrrrr
1383.0; intersection/0002/tls; rrrrrrrrrrrrrrrrrrrrrrrr
1385.0; intersection/0002/tls; GGGGrrrrrrrrGGGGrrrrrrrr
1399.0; intersection/0002/tls; yyyyrrrrrrrryyyyrrrrrrrr
1402.0; intersection/0002/tls; rrrrrrrrrrrrrrrrrrrrrrrr
1404.0; intersection/0002/tls; rrrrrrrrrrGGrrrrrrrrrrGG
1408.0; intersection/0002/tls; rrrrrrrrrryyrrrrrrrrrryy
1411.0; intersection/0002/tls; rrrrrrrrrrrrrrrrrrrrrrrr
1413.0; intersection/0002/tls; rrrrrrGGGGrrrrrrrrGGGGrr
1419.0; intersection/0002/tls; rrrrrryyyyrrrrrrrryyyyrr
1422.0; intersection/0002/tls; rrrrrrrrrrrrrrrrrrrrrrrr
1424.0; intersection/0002/tls; rrrrGGrrrrrrrrrrGGrrrrrr
1428.0; intersection/0002/tls; rrrryyrrrrrrrrrryyrrrrrr
1431.0; intersection/0002/tls; rrrrrrrrrrrrrrrrrrrrrrrr
1433.0; intersection/0002/tls; GGGGrrrrrrrrGGGGrrrrrrrr
1447.0; intersection/0002/tls; yyyyrrrrrrrryyyyrrrrrrrr
1450.0; intersection/0002/tls; rrrrrrrrrrrrrrrrrrrrrrrr
1452.0; intersection/0002/tls; rrrrrrrrrrGGrrrrrrrrrrGG
1456.0; intersection/0002/tls; rrrrrrrrrryyrrrrrrrrrryy
1459.0; intersection/0002/tls; rrrrrrrrrrrrrrrrrrrrrrrr
1461.0; intersection/0002/tls; rrrrrrGGGGrrrrrrrrGGGGrr
1466.0; intersection/0002/tls; rrrrrryyyyrrrrrrrryyyyrr
1469.0; intersection/0002/tls; rrrrrrrrrrrrrrrrrrrrrrrr
1471.0; intersection/0002/tls; rrrrGGrrrrrrrrrrGGrrrrrr
1475.0; intersection/0002/tls; rrrryyrrrrrrrrrryyrrrrrr
1478.0; intersection/0002/tls; rrrrrrrrrrrrrrrrrrrrrrrr
1480.0; intersection/0002/tls; GGGGrrrrrrrrGGGGrrrrrrrr
1494.0; intersection/0002/tls; yyyyrrrrrrrryyyyrrrrrrrr
1497.0; intersection/0002/tls; rrrrrrrrrrrrrrrrrrrrrrrr
1499.0; intersection/0002/tls; rrrrrrrrrrGGrrrrrrrrrrGG
1503.0; intersection/0002/tls; rrrrrrrrrryyrrrrrrrrrryy
1506.0; intersection/0002/tls; rrrrrrrrrrrrrrrrrrrrrrrr
1508.0; intersection/0002/tls; rrrrrrGGGGrrrrrrrrGGGGrr
1513.0; intersection/0002/tls; rrrrrryyyyrrrrrrrryyyyrr
1516.0; intersection/0002/tls; rrrrrrrrrrrrrrrrrrrrrrrr
1518.0; intersection/0002/tls; rrrrGGrrrrrrrrrrGGrrrrrr
1522.0; intersection/0002/tls; rrrryyrrrrrrrrrryyrrrrrr
1525.0; intersection/0002/tls; rrrrrrrrrrrrrrrrrrrrrrrr
1527.0; intersection/0002/tls; GGGGrrrrrrrrGGGGrrrrrrrr
1542.0; intersection/0002/tls; yyyyrrrrrrrryyyyrrrrrrrr
1545.0; intersection/0002/tls; rrrrrrrrrrrrrrrrrrrrrrrr
1547.0; intersection/0002/tls; rrrrrrrrrrGGrrrrrrrrrrGG
1551.0; intersection/0002/tls; rrrrrrrrrryyrrrrrrrrrryy
1554.0; intersection/0002/tls; rrrrrrrrrrrrrrrrrrrrrrrr
1556.0; intersection/0002/tls; rrrrrrGGGGrrrrrrrrGGGGrr
1561.0; intersection/0002/tls; rrrrrryyyyrrrrrrrryyyyrr
1564.0; intersection/0002/tls; rrrrrrrrrrrrrrrrrrrrrrrr
1566.0; intersection/0002/tls; rrrrGGrrrrrrrrrrGGrrrrrr
1570.0; intersection/0002/tls; rrrryyrrrrrrrrrryyrrrrrr
1573.0; intersection/0002/tls; rrrrrrrrrrrrrrrrrrrrrrrr
1575.0; intersection/0002/tls; GGGGrrrrrrrrGGGGrrrrrrrr
1590.0; intersection/0002/tls; yyyyrrrrrrrryyyyrrrrrrrr
1593.0; intersection/0002/tls; rrrrrrrrrrrrrrrrrrrrrrrr
1595.0; intersection/0002/tls; rrrrrrrrrrGGrrrrrrrrrrGG
1599.0; intersection/0002/tls; rrrrrrrrrryyrrrrrrrrrryy
1602.0; intersection/0002/tls; rrrrrrrrrrrrrrrrrrrrrrrr
1604.0; intersection/0002/tls; rrrrrrGGGGrrrrrrrrGGGGrr
1609.0; intersection/0002/tls; rrrrrryyyyrrrrrrrryyyyrr
1612.0; intersection/0002/tls; rrrrrrrrrrrrrrrrrrrrrrrr
1614.0; intersection/0002/tls; rrrrGGrrrrrrrrrrGGrrrrrr
1618.0; intersection/0002/tls; rrrryyrrrrrrrrrryyrrrrrr
1621.0; intersection/0002/tls; rrrrrrrrrrrrrrrrrrrrrrrr
1623.0; intersection/0002/tls; GGGGrrrrrrrrGGGGrrrrrrrr
1639.0; intersection/0002/tls; yyyyrrrrrrrryyyyrrrrrrrr
1642.0; intersection/0002/tls; rrrrrrrrrrrrrrrrrrrrrrrr
1644.0; intersection/0002/tls; rrrrrrrrrrGGrrrrrrrrrrGG
1648.0; intersection/0002/tls; rrrrrrrrrryyrrrrrrrrrryy
1651.0; intersection/0002/tls; rrrrrrrrrrrrrrrrrrrrrrrr
1653.0; intersection/0002/tls; rrrrrrGGGGrrrrrrrrGGGGrr
1658.0; intersection/0002/tls; rrrrrryyyyrrrrrrrryyyyrr
1661.0; intersection/0002/tls; rrrrrrrrrrrrrrrrrrrrrrrr
1663.0; intersection/0002/tls; rrrrGGrrrrrrrrrrGGrrrrrr
1667.0; intersection/0002/tls; rrrryyrrrrrrrrrryyrrrrrr
1670.0; intersection/0002/tls; rrrrrrrrrrrrrrrrrrrrrrrr
1672.0; intersection/0002/tls; GGGGrrrrrrrrGGGGrrrrrrrr
1689.0; intersection/0002/tls; yyyyrrrrrrrryyyyrrrrrrrr
1692.0; intersection/0002/tls; rrrrrrrrrrrrrrrrrrrrrrrr
1694.0; intersection/0002/tls; rrrrrrrrrrGGrrrrrrrrrrGG
1698.0; intersection/0002/tls; rrrrrrrrrryyrrrrrrrrrryy
1701.0; intersection/0002/tls; rrrrrrrrrrrrrrrrrrrrrrrr
1703.0; intersection/0002/tls; rrrrrrGGGGrrrrrrrrGGGGrr
1708.0; intersection/0002/tls; rrrrrryyyyrrrrrrrryyyyrr
1711.0; intersection/0002/tls; rrrrrrrrrrrrrrrrrrrrrrrr
1713.0; intersection/0002/tls; rrrrGGrrrrrrrrrrGGrrrrrr
1717.0; intersection/0002/tls; rrrryyrrrrrrrrrryyrrrrrr
1720.0; intersection/0002/tls; rrrrrrrrrrrrrrrrrrrrrrrr
1722.0; intersection/0002/tls; GGGGrrrrrrrrGGGGrrrrrrrr
1740.0; intersection/0002/tls; yyyyrrrrrrrryyyyrrrrrrrr
1743.0; intersection/0002/tls; rrrrrrrrrrrrrrrrrrrrrrrr
1745.0; intersection/0002/tls; rrrrrrrrrrGGrrrrrrrrrrGG
1749.0; intersection/0002/tls; rrrrrrrrrryyrrrrrrrrrryy
1752.0; intersection/0002/tls; rrrrrrrrrrrrrrrrrrrrrrrr
1754.0; intersection/0002/tls; rrrrrrGGGGrrrrrrrrGGGGrr
1759.0; intersection/0002/tls; rrrrrryyyyrrrrrrrryyyyrr
1762.0; intersection/0002/tls; rrrrrrrrrrrrrrrrrrrrrrrr
1764.0; intersection/0002/tls; rrrrGGrrrrrrrrrrGGrrrrrr
1768.0; intersection/0002/tls; rrrryyrrrrrrrrrryyrrrrrr
1771.0; intersection/0002/tls; rrrrrrrrrrrrrrrrrrrrrrrr
1773.0; intersection/0002/tls; GGGGrrrrrrrrGGGGrrrrrrrr
1791.0; intersection/0002/tls; yyyyrrrrrrrryyyyrrrrrrrr
1794.0; intersection/0002/tls; rrrrrrrrrrrrrrrrrrrrrrrr
1796.0; intersection/0002/tls; rrrrrrrrrrGGrrrrrrrrrrGG
1801.0; intersection/0002/tls; rrrrrrrrrryyrrrrrrrrrryy
1804.0; intersection/0002/tls; rrrrrrrrrrrrrrrrrrrrrrrr
1806.0; intersection/0002/tls; rrrrrrGGGGrrrrrrrrGGGGrr
1811.0; intersection/0002/tls; rrrrrryyyyrrrrrrrryyyyrr
1814.0; intersection/0002/tls; rrrrrrrrrrrrrrrrrrrrrrrr
1816.0; intersection/0002/tls; rrrrGGrrrrrrrrrrGGrrrrrr
1821.0; intersection/0002/tls; rrrryyrrrrrrrrrryyrrrrrr
1824.0; intersection/0002/tls; rrrrrrrrrrrrrrrrrrrrrrrr
1826.0; intersection/0002/tls; GGGGrrrrrrrrGGGGrrrrrrrr
1845.0; intersection/0002/tls; yyyyrrrrrrrryyyyrrrrrrrr
1848.0; intersection/0002/tls; rrrrrrrrrrrrrrrrrrrrrrrr
1850.0; intersection/0002/tls; rrrrrrrrrrGGrrrrrrrrrrGG
1856.0; intersection/0002/tls; rrrrrrrrrryyrrrrrrrrrryy
1859.0; intersection/0002/tls; rrrrrrrrrrrrrrrrrrrrrrrr
1861.0; intersection/0002/tls; rrrrrrGGGGrrrrrrrrGGGGrr
1866.0; intersection/0002/tls; rrrrrryyyyrrrrrrrryyyyrr
1869.0; intersection/0002/tls; rrrrrrrrrrrrrrrrrrrrrrrr
1871.0; intersection/0002/tls; rrrrGGrrrrrrrrrrGGrrrrrr
1877.0; intersection/0002/tls; rrrryyrrrrrrrrrryyrrrrrr
1880.0; intersection/0002/tls; rrrrrrrrrrrrrrrrrrrrrrrr
1882.0; intersection/0002/tls; GGGGrrrrrrrrGGGGrrrrrrrr
1902.0; intersection/0002/tls; yyyyrrrrrrrryyyyrrrrrrrr
1905.0; intersection/0002/tls; rrrrrrrrrrrrrrrrrrrrrrrr
1907.0; intersection/0002/tls; rrrrrrrrrrGGrrrrrrrrrrGG
1914.0; intersection/0002/tls; rrrrrrrrrryyrrrrrrrrrryy
1917.0; intersection/0002/tls; rrrrrrrrrrrrrrrrrrrrrrrr
1919.0; intersection/0002/tls; rrrrrrGGGGrrrrrrrrGGGGrr
1924.0; intersection/0002/tls; rrrrrryyyyrrrrrrrryyyyrr
1927.0; intersection/0002/tls; rrrrrrrrrrrrrrrrrrrrrrrr
1929.0; intersection/0002/tls; rrrrGGrrrrrrrrrrGGrrrrrr
1935.0; intersection/0002/tls; rrrryyrrrrrrrrrryyrrrrrr
1938.0; intersection/0002/tls; rrrrrrrrrrrrrrrrrrrrrrrr
1940.0; intersection/0002/tls; GGGGrrrrrrrrGGGGrrrrrrrr
1961.0; intersection/0002/tls; yyyyrrrrrrrryyyyrrrrrrrr
1964.0; intersection/0002/tls; rrrrrrrrrrrrrrrrrrrrrrrr
1966.0; intersection/0002/tls; rrrrrrrrrrGGrrrrrrrrrrGG
1973.0; intersection/0002/tls; rrrrrrrrrryyrrrrrrrrrryy
1976.0; intersection/0002/tls; rrrrrrrrrrrrrrrrrrrrrrrr
1978.0; intersection/0002/tls; rrrrrrGGGGrrrrrrrrGGGGrr
1983.0; intersection/0002/tls; rrrrrryyyyrrrrrrrryyyyrr
1986.0; intersection/0002/tls; rrrrrrrrrrrrrrrrrrrrrrrr
1988.0; intersection/0002/tls; rrrrGGrrrrrrrrrrGGrrrrrr
1994.0; intersection/0002/tls; rrrryyrrrrrrrrrryyrrrrrr
1997.0; intersection/0002/tls; rrrrrrrrrrrrrrrrrrrrrrrr
1999.0; intersection/0002/tls; GGGGrrrrrrrrGGGGrrrrrrrr
2020.0; intersection/0002/tls; yyyyrrrrrrrryyyyrrrrrrrr
2023.0; intersection/0002/tls; rrrrrrrrrrrrrrrrrrrrrrrr
2025.0; intersection/0002/tls; rrrrrrrrrrGGrrrrrrrrrrGG
2031.0; intersection/0002/tls; rrrrrrrrrryyrrrrrrrrrryy
2034.0; intersection/0002/tls; rrrrrrrrrrrrrrrrrrrrrrrr
2036.0; intersection/0002/tls; rrrrrrGGGGrrrrrrrrGGGGrr
2041.0; intersection/0002/tls; rrrrrryyyyrrrrrrrryyyyrr
2044.0; intersection/0002/tls; rrrrrrrrrrrrrrrrrrrrrrrr
2046.0; intersection/0002/tls; rrrrGGrrrrrrrrrrGGrrrrrr
2052.0; intersection/0002/tls; rrrryyrrrrrrrrrryyrrrrrr
2055.0; intersection/0002/tls; rrrrrrrrrrrrrrrrrrrrrrrr
2057.0; intersection/0002/tls; GGGGrrrrrrrrGGGGrrrrrrrr
2078.0; intersection/0002/tls; yyyyrrrrrrrryyyyrrrrrrrr
2081.0; intersection/0002/tls; rrrrrrrrrrrrrrrrrrrrrrrr
2083.0; intersection/0002/tls; rrrrrrrrrrGGrrrrrrrrrrGG
2087.0; intersection/0002/tls; rrrrrrrrrryyrrrrrrrrrryy
2090.0; intersection/0002/tls; rrrrrrrrrrrrrrrrrrrrrrrr
2092.0; intersection/0002/tls; rrrrrrGGGGrrrrrrrrGGGGrr
2097.0; intersection/0002/tls; rrrrrryyyyrrrrrrrryyyyrr
2100.0; intersection/0002/tls; rrrrrrrrrrrrrrrrrrrrrrrr
2102.0; intersection/0002/tls; rrrrGGrrrrrrrrrrGGrrrrrr
2109.0; intersection/0002/tls; rrrryyrrrrrrrrrryyrrrrrr
2112.0; intersection/0002/tls; rrrrrrrrrrrrrrrrrrrrrrrr
2114.0; intersection/0002/tls; GGGGrrrrrrrrGGGGrrrrrrrr
2135.0; intersection/0002/tls; yyyyrrrrrrrryyyyrrrrrrrr
2138.0; intersection/0002/tls; rrrrrrrrrrrrrrrrrrrrrrrr
2140.0; intersection/0002/tls; rrrrrrrrrrGGrrrrrrrrrrGG
2144.0; intersection/0002/tls; rrrrrrrrrryyrrrrrrrrrryy
2147.0; intersection/0002/tls; rrrrrrrrrrrrrrrrrrrrrrrr
2149.0; intersection/0002/tls; rrrrrrGGGGrrrrrrrrGGGGrr
2154.0; intersection/0002/tls; rrrrrryyyyrrrrrrrryyyyrr
2157.0; intersection/0002/tls; rrrrrrrrrrrrrrrrrrrrrrrr
2159.0; intersection/0002/tls; rrrrGGrrrrrrrrrrGGrrrrrr
2166.0; intersection/0002/tls; rrrryyrrrrrrrrrryyrrrrrr
2169.0; intersection/0002/tls; rrrrrrrrrrrrrrrrrrrrrrrr
2171.0; intersection/0002/tls; GGGGrrrrrrrrGGGGrrrrrrrr
2192.0; intersection/0002/tls; yyyyrrrrrrrryyyyrrrrrrrr
2195.0; intersection/0002/tls; rrrrrrrrrrrrrrrrrrrrrrrr
2197.0; intersection/0002/tls; rrrrrrrrrrGGrrrrrrrrrrGG
2201.0; intersection/0002/tls; rrrrrrrrrryyrrrrrrrrrryy
2204.0; intersection/0002/tls; rrrrrrrrrrrrrrrrrrrrrrrr
2206.0; intersection/0002/tls; rrrrrrGGGGrrrrrrrrGGGGrr
2210.0; intersection/0002/tls; rrrrrryyyyrrrrrrrryyyyrr
2213.0; intersection/0002/tls; rrrrrrrrrrrrrrrrrrrrrrrr
2215.0; intersection/0002/tls; rrrrGGrrrrrrrrrrGGrrrrrr
2222.0; intersection/0002/tls; rrrryyrrrrrrrrrryyrrrrrr
2225.0; intersection/0002/tls; rrrrrrrrrrrrrrrrrrrrrrrr
2227.0; intersection/0002/tls; GGGGrrrrrrrrGGGGrrrrrrrr
2248.0; intersection/0002/tls; yyyyrrrrrrrryyyyrrrrrrrr
2251.0; intersection/0002/tls; rrrrrrrrrrrrrrrrrrrrrrrr
2253.0; intersection/0002/tls; rrrrrrrrrrGGrrrrrrrrrrGG
2257.0; intersection/0002/tls; rrrrrrrrrryyrrrrrrrrrryy
2260.0; intersection/0002/tls; rrrrrrrrrrrrrrrrrrrrrrrr
2262.0; intersection/0002/tls; rrrrrrGGGGrrrrrrrrGGGGrr
2266.0; intersection/0002/tls; rrrrrryyyyrrrrrrrryyyyrr
2269.0; intersection/0002/tls; rrrrrrrrrrrrrrrrrrrrrrrr
2271.0; intersection/0002/tls; rrrrGGrrrrrrrrrrGGrrrrrr
2278.0; intersection/0002/tls; rrrryyrrrrrrrrrryyrrrrrr
2281.0; intersection/0002/tls; rrrrrrrrrrrrrrrrrrrrrrrr
2283.0; intersection/0002/tls; GGGGrrrrrrrrGGGGrrrrrrrr
2304.0; intersection/0002/tls; yyyyrrrrrrrryyyyrrrrrrrr
2307.0; intersection/0002/tls; rrrrrrrrrrrrrrrrrrrrrrrr
2309.0; intersection/0002/tls; rrrrrrrrrrGGrrrrrrrrrrGG
2313.0; intersection/0002/tls; rrrrrrrrrryyrrrrrrrrrryy
2316.0; intersection/0002/tls; rrrrrrrrrrrrrrrrrrrrrrrr
2318.0; intersection/0002/tls; rrrrrrGGGGrrrrrrrrGGGGrr
2322.0; intersection/0002/tls; rrrrrryyyyrrrrrrrryyyyrr
2325.0; intersection/0002/tls; rrrrrrrrrrrrrrrrrrrrrrrr
2327.0; intersection/0002/tls; rrrrGGrrrrrrrrrrGGrrrrrr
2333.0; intersection/0002/tls; rrrryyrrrrrrrrrryyrrrrrr
2336.0; intersection/0002/tls; rrrrrrrrrrrrrrrrrrrrrrrr
2338.0; intersection/0002/tls; GGGGrrrrrrrrGGGGrrrrrrrr
2359.0; intersection/0002/tls; yyyyrrrrrrrryyyyrrrrrrrr
2362.0; intersection/0002/tls; rrrrrrrrrrrrrrrrrrrrrrrr
2364.0; intersection/0002/tls; rrrrrrrrrrGGrrrrrrrrrrGG
2368.0; intersection/0002/tls; rrrrrrrrrryyrrrrrrrrrryy
2371.0; intersection/0002/tls; rrrrrrrrrrrrrrrrrrrrrrrr
2373.0; intersection/0002/tls; rrrrrrGGGGrrrrrrrrGGGGrr
2377.0; intersection/0002/tls; rrrrrryyyyrrrrrrrryyyyrr
2380.0; intersection/0002/tls; rrrrrrrrrrrrrrrrrrrrrrrr
2382.0; intersection/0002/tls; rrrrGGrrrrrrrrrrGGrrrrrr
2387.0; intersection/0002/tls; rrrryyrrrrrrrrrryyrrrrrr
2390.0; intersection/0002/tls; rrrrrrrrrrrrrrrrrrrrrrrr
2392.0; intersection/0002/tls; GGGGrrrrrrrrGGGGrrrrrrrr
2410.0; intersection/0002/tls; yyyyrrrrrrrryyyyrrrrrrrr
2413.0; intersection/0002/tls; rrrrrrrrrrrrrrrrrrrrrrrr
2415.0; intersection/0002/tls; rrrrrrrrrrGGrrrrrrrrrrGG
2419.0; intersection/0002/tls; rrrrrrrrrryyrrrrrrrrrryy
2422.0; intersection/0002/tls; rrrrrrrrrrrrrrrrrrrrrrrr
2424.0; intersection/0002/tls; rrrrrrGGGGrrrrrrrrGGGGrr
2428.0; intersection/0002/tls; rrrrrryyyyrrrrrrrryyyyrr
2431.0; intersection/0002/tls; rrrrrrrrrrrrrrrrrrrrrrrr
2433.0; intersection/0002/tls; rrrrGGrrrrrrrrrrGGrrrrrr
2437.0; intersection/0002/tls; rrrryyrrrrrrrrrryyrrrrrr
2440.0; intersection/0002/tls; rrrrrrrrrrrrrrrrrrrrrrrr
2442.0; intersection/0002/tls; GGGGrrrrrrrrGGGGrrrrrrrr
2457.0; intersection/0002/tls; yyyyrrrrrrrryyyyrrrrrrrr
2460.0; intersection/0002/tls; rrrrrrrrrrrrrrrrrrrrrrrr
2462.0; intersection/0002/tls; rrrrrrrrrrGGrrrrrrrrrrGG
2466.0; intersection/0002/tls; rrrrrrrrrryyrrrrrrrrrryy
2469.0; intersection/0002/tls; rrrrrrrrrrrrrrrrrrrrrrrr
2471.0; intersection/0002/tls; rrrrrrGGGGrrrrrrrrGGGGrr
2475.0; intersection/0002/tls; rrrrrryyyyrrrrrrrryyyyrr
2478.0; intersection/0002/tls; rrrrrrrrrrrrrrrrrrrrrrrr
2480.0; intersection/0002/tls; rrrrGGrrrrrrrrrrGGrrrrrr
2484.0; intersection/0002/tls; rrrryyrrrrrrrrrryyrrrrrr
2487.0; intersection/0002/tls; rrrrrrrrrrrrrrrrrrrrrrrr
2489.0; intersection/0002/tls; GGGGrrrrrrrrGGGGrrrrrrrr
2501.0; intersection/0002/tls; yyyyrrrrrrrryyyyrrrrrrrr
2504.0; intersection/0002/tls; rrrrrrrrrrrrrrrrrrrrrrrr
2506.0; intersection/0002/tls; rrrrrrrrrrGGrrrrrrrrrrGG
2510.0; intersection/0002/tls; rrrrrrrrrryyrrrrrrrrrryy
2513.0; intersection/0002/tls; rrrrrrrrrrrrrrrrrrrrrrrr
2515.0; intersection/0002/tls; rrrrrrGGGGrrrrrrrrGGGGrr
2519.0; intersection/0002/tls; rrrrrryyyyrrrrrrrryyyyrr
2522.0; intersection/0002/tls; rrrrrrrrrrrrrrrrrrrrrrrr
2524.0; intersection/0002/tls; rrrrGGrrrrrrrrrrGGrrrrrr
2528.0; intersection/0002/tls; rrrryyrrrrrrrrrryyrrrrrr
2531.0; intersection/0002/tls; rrrrrrrrrrrrrrrrrrrrrrrr
2533.0; intersection/0002/tls; GGGGrrrrrrrrGGGGrrrrrrrr
2542.0; intersection/0002/tls; yyyyrrrrrrrryyyyrrrrrrrr
2545.0; intersection/0002/tls; rrrrrrrrrrrrrrrrrrrrrrrr
2547.0; intersection/0002/tls; rrrrrrrrrrGGrrrrrrrrrrGG
2551.0; intersection/0002/tls; rrrrrrrrrryyrrrrrrrrrryy
2554.0; intersection/0002/tls; rrrrrrrrrrrrrrrrrrrrrrrr
2556.0; intersection/0002/tls; rrrrrrGGGGrrrrrrrrGGGGrr
2560.0; intersection/0002/tls; rrrrrryyyyrrrrrrrryyyyrr
2563.0; intersection/0002/tls; rrrrrrrrrrrrrrrrrrrrrrrr
2565.0; intersection/0002/tls; rrrrGGrrrrrrrrrrGGrrrrrr
2569.0; intersection/0002/tls; rrrryyrrrrrrrrrryyrrrrrr
2572.0; intersection/0002/tls; rrrrrrrrrrrrrrrrrrrrrrrr
2574.0; intersection/0002/tls; GGGGrrrrrrrrGGGGrrrrrrrr
2580.0; intersection/0002/tls; yyyyrrrrrrrryyyyrrrrrrrr
2583.0; intersection/0002/tls; rrrrrrrrrrrrrrrrrrrrrrrr
2585.0; intersection/0002/tls; rrrrrrrrrrGGrrrrrrrrrrGG
2589.0; intersection/0002/tls; rrrrrrrrrryyrrrrrrrrrryy
2592.0; intersection/0002/tls; rrrrrrrrrrrrrrrrrrrrrrrr
2594.0; intersection/0002/tls; rrrrrrGGGGrrrrrrrrGGGGrr
2598.0; intersection/0002/tls; rrrrrryyyyrrrrrrrryyyyrr
2601.0; intersection/0002/tls; rrrrrrrrrrrrrrrrrrrrrrrr
2603.0; intersection/0002/tls; rrrrGGrrrrrrrrrrGGrrrrrr
2607.0; intersection/0002/tls; rrrryyrrrrrrrrrryyrrrrrr
2610.0; intersection/0002/tls; rrrrrrrrrrrrrrrrrrrrrrrr
2612.0; intersection/0002/tls; GGGGrrrrrrrrGGGGrrrrrrrr
2617.0; intersection/0002/tls; yyyyrrrrrrrryyyyrrrrrrrr
2620.0; intersection/0002/tls; rrrrrrrrrrrrrrrrrrrrrrrr
2622.0; intersection/0002/tls; rrrrrrrrrrGGrrrrrrrrrrGG
2626.0; intersection/0002/tls; rrrrrrrrrryyrrrrrrrrrryy
2629.0; intersection/0002/tls; rrrrrrrrrrrrrrrrrrrrrrrr
2631.0; intersection/0002/tls; rrrrrrGGGGrrrrrrrrGGGGrr
2635.0; intersection/0002/tls; rrrrrryyyyrrrrrrrryyyyrr
2638.0; intersection/0002/tls; rrrrrrrrrrrrrrrrrrrrrrrr
2640.0; intersection/0002/tls; rrrrGGrrrrrrrrrrGGrrrrrr
2644.0; intersection/0002/tls; rrrryyrrrrrrrrrryyrrrrrr
2647.0; intersection/0002/tls; rrrrrrrrrrrrrrrrrrrrrrrr
2649.0; intersection/0002/tls; GGGGrrrrrrrrGGGGrrrrrrrr
2653.0; intersection/0002/tls; yyyyrrrrrrrryyyyrrrrrrrr
2656.0; intersection/0002/tls; rrrrrrrrrrrrrrrrrrrrrrrr
2658.0; intersection/0002/tls; rrrrrrrrrrGGrrrrrrrrrrGG
2662.0; intersection/0002/tls; rrrrrrrrrryyrrrrrrrrrryy
2665.0; intersection/0002/tls; rrrrrrrrrrrrrrrrrrrrrrrr
2667.0; intersection/0002/tls; rrrrrrGGGGrrrrrrrrGGGGrr
2671.0; intersection/0002/tls; rrrrrryyyyrrrrrrrryyyyrr
2674.0; intersection/0002/tls; rrrrrrrrrrrrrrrrrrrrrrrr
2676.0; intersection/0002/tls; rrrrGGrrrrrrrrrrGGrrrrrr
2680.0; intersection/0002/tls; rrrryyrrrrrrrrrryyrrrrrr
2683.0; intersection/0002/tls; rrrrrrrrrrrrrrrrrrrrrrrr
2685.0; intersection/0002/tls; GGGGrrrrrrrrGGGGrrrrrrrr
2689.0; intersection/0002/tls; yyyyrrrrrrrryyyyrrrrrrrr
2692.0; intersection/0002/tls; rrrrrrrrrrrrrrrrrrrrrrrr
2694.0; intersection/0002/tls; rrrrrrrrrrGGrrrrrrrrrrGG
2698.0; intersection/0002/tls; rrrrrrrrrryyrrrrrrrrrryy
2701.0; intersection/0002/tls; rrrrrrrrrrrrrrrrrrrrrrrr
2703.0; intersection/0002/tls; rrrrrrGGGGrrrrrrrrGGGGrr
2707.0; intersection/0002/tls; rrrrrryyyyrrrrrrrryyyyrr
2710.0; intersection/0002/tls; rrrrrrrrrrrrrrrrrrrrrrrr
2712.0; intersection/0002/tls; rrrrGGrrrrrrrrrrGGrrrrrr
